{"uid":"e540169feb6a99ac","name":"Test case 1","fullName":"tests.LoginTest.invalidLoginTest_InvalidUserValidPassword","historyId":"46d7a8c60aeb5d623ef898f1ea13f1d","time":{"start":1721843222405,"stop":1721843222823,"duration":418},"description":"TC01_Verify Login using invalid user and valid password","descriptionHtml":"<p>TC01_Verify Login using invalid user and valid password</p>\n","status":"failed","statusMessage":"expected [Epic sadface: Username and password do not match any user in this service1] but found [Epic sadface: Username and password do not match any user in this service]","statusTrace":"java.lang.AssertionError: expected [Epic sadface: Username and password do not match any user in this service1] but found [Epic sadface: Username and password do not match any user in this service]\r\n\tat org.testng.Assert.fail(Assert.java:111)\r\n\tat org.testng.Assert.failNotEquals(Assert.java:1578)\r\n\tat org.testng.Assert.assertEqualsImpl(Assert.java:150)\r\n\tat org.testng.Assert.assertEquals(Assert.java:132)\r\n\tat org.testng.Assert.assertEquals(Assert.java:656)\r\n\tat org.testng.Assert.assertEquals(Assert.java:666)\r\n\tat pages.BasePage.assertEquals(BasePage.java:39)\r\n\tat pages.LoginPage.verifyLoginPassword(LoginPage.java:43)\r\n\tat tests.LoginTest.invalidLoginTest_InvalidUserValidPassword(LoginTest.java:44)\r\n\tat java.base/jdk.internal.reflect.NativeMethodAccessorImpl.invoke0(Native Method)\r\n\tat java.base/jdk.internal.reflect.NativeMethodAccessorImpl.invoke(NativeMethodAccessorImpl.java:77)\r\n\tat java.base/jdk.internal.reflect.DelegatingMethodAccessorImpl.invoke(DelegatingMethodAccessorImpl.java:43)\r\n\tat java.base/java.lang.reflect.Method.invoke(Method.java:568)\r\n\tat org.testng.internal.invokers.MethodInvocationHelper.invokeMethod(MethodInvocationHelper.java:141)\r\n\tat org.testng.internal.invokers.TestInvoker.invokeMethod(TestInvoker.java:686)\r\n\tat org.testng.internal.invokers.TestInvoker.retryFailed(TestInvoker.java:269)\r\n\tat org.testng.internal.invokers.MethodRunner.runInSequence(MethodRunner.java:76)\r\n\tat org.testng.internal.invokers.TestInvoker$MethodInvocationAgent.invoke(TestInvoker.java:992)\r\n\tat org.testng.internal.invokers.TestInvoker.invokeTestMethods(TestInvoker.java:203)\r\n\tat org.testng.internal.invokers.TestMethodWorker.invokeTestMethods(TestMethodWorker.java:154)\r\n\tat org.testng.internal.invokers.TestMethodWorker.run(TestMethodWorker.java:134)\r\n\tat java.base/java.util.ArrayList.forEach(ArrayList.java:1511)\r\n\tat org.testng.TestRunner.privateRun(TestRunner.java:739)\r\n\tat org.testng.TestRunner.run(TestRunner.java:614)\r\n\tat org.testng.SuiteRunner.runTest(SuiteRunner.java:421)\r\n\tat org.testng.SuiteRunner.runSequentially(SuiteRunner.java:413)\r\n\tat org.testng.SuiteRunner.privateRun(SuiteRunner.java:373)\r\n\tat org.testng.SuiteRunner.run(SuiteRunner.java:312)\r\n\tat org.testng.SuiteRunnerWorker.runSuite(SuiteRunnerWorker.java:52)\r\n\tat org.testng.SuiteRunnerWorker.run(SuiteRunnerWorker.java:95)\r\n\tat org.testng.TestNG.runSuitesSequentially(TestNG.java:1274)\r\n\tat org.testng.TestNG.runSuitesLocally(TestNG.java:1208)\r\n\tat org.testng.TestNG.runSuites(TestNG.java:1112)\r\n\tat org.testng.TestNG.run(TestNG.java:1079)\r\n\tat org.apache.maven.surefire.testng.TestNGExecutor.run(TestNGExecutor.java:308)\r\n\tat org.apache.maven.surefire.testng.TestNGXmlTestSuite.execute(TestNGXmlTestSuite.java:71)\r\n\tat org.apache.maven.surefire.testng.TestNGProvider.invoke(TestNGProvider.java:113)\r\n\tat org.apache.maven.surefire.booter.ForkedBooter.runSuitesInProcess(ForkedBooter.java:385)\r\n\tat org.apache.maven.surefire.booter.ForkedBooter.execute(ForkedBooter.java:162)\r\n\tat org.apache.maven.surefire.booter.ForkedBooter.run(ForkedBooter.java:507)\r\n\tat org.apache.maven.surefire.booter.ForkedBooter.main(ForkedBooter.java:495)\r\n","flaky":false,"newFailed":false,"newBroken":false,"newPassed":false,"retriesCount":11,"retriesStatusChange":true,"beforeStages":[{"name":"setup","time":{"start":1721843201077,"stop":1721843205027,"duration":3950},"description":"","status":"passed","steps":[],"attachments":[],"parameters":[],"attachmentsCount":0,"shouldDisplayMessage":false,"hasContent":false,"attachmentStep":false,"stepsCount":0}],"testStage":{"description":"TC01_Verify Login using invalid user and valid password","status":"failed","statusMessage":"expected [Epic sadface: Username and password do not match any user in this service1] but found [Epic sadface: Username and password do not match any user in this service]","statusTrace":"java.lang.AssertionError: expected [Epic sadface: Username and password do not match any user in this service1] but found [Epic sadface: Username and password do not match any user in this service]\r\n\tat org.testng.Assert.fail(Assert.java:111)\r\n\tat org.testng.Assert.failNotEquals(Assert.java:1578)\r\n\tat org.testng.Assert.assertEqualsImpl(Assert.java:150)\r\n\tat org.testng.Assert.assertEquals(Assert.java:132)\r\n\tat org.testng.Assert.assertEquals(Assert.java:656)\r\n\tat org.testng.Assert.assertEquals(Assert.java:666)\r\n\tat pages.BasePage.assertEquals(BasePage.java:39)\r\n\tat pages.LoginPage.verifyLoginPassword(LoginPage.java:43)\r\n\tat tests.LoginTest.invalidLoginTest_InvalidUserValidPassword(LoginTest.java:44)\r\n\tat java.base/jdk.internal.reflect.NativeMethodAccessorImpl.invoke0(Native Method)\r\n\tat java.base/jdk.internal.reflect.NativeMethodAccessorImpl.invoke(NativeMethodAccessorImpl.java:77)\r\n\tat java.base/jdk.internal.reflect.DelegatingMethodAccessorImpl.invoke(DelegatingMethodAccessorImpl.java:43)\r\n\tat java.base/java.lang.reflect.Method.invoke(Method.java:568)\r\n\tat org.testng.internal.invokers.MethodInvocationHelper.invokeMethod(MethodInvocationHelper.java:141)\r\n\tat org.testng.internal.invokers.TestInvoker.invokeMethod(TestInvoker.java:686)\r\n\tat org.testng.internal.invokers.TestInvoker.retryFailed(TestInvoker.java:269)\r\n\tat org.testng.internal.invokers.MethodRunner.runInSequence(MethodRunner.java:76)\r\n\tat org.testng.internal.invokers.TestInvoker$MethodInvocationAgent.invoke(TestInvoker.java:992)\r\n\tat org.testng.internal.invokers.TestInvoker.invokeTestMethods(TestInvoker.java:203)\r\n\tat org.testng.internal.invokers.TestMethodWorker.invokeTestMethods(TestMethodWorker.java:154)\r\n\tat org.testng.internal.invokers.TestMethodWorker.run(TestMethodWorker.java:134)\r\n\tat java.base/java.util.ArrayList.forEach(ArrayList.java:1511)\r\n\tat org.testng.TestRunner.privateRun(TestRunner.java:739)\r\n\tat org.testng.TestRunner.run(TestRunner.java:614)\r\n\tat org.testng.SuiteRunner.runTest(SuiteRunner.java:421)\r\n\tat org.testng.SuiteRunner.runSequentially(SuiteRunner.java:413)\r\n\tat org.testng.SuiteRunner.privateRun(SuiteRunner.java:373)\r\n\tat org.testng.SuiteRunner.run(SuiteRunner.java:312)\r\n\tat org.testng.SuiteRunnerWorker.runSuite(SuiteRunnerWorker.java:52)\r\n\tat org.testng.SuiteRunnerWorker.run(SuiteRunnerWorker.java:95)\r\n\tat org.testng.TestNG.runSuitesSequentially(TestNG.java:1274)\r\n\tat org.testng.TestNG.runSuitesLocally(TestNG.java:1208)\r\n\tat org.testng.TestNG.runSuites(TestNG.java:1112)\r\n\tat org.testng.TestNG.run(TestNG.java:1079)\r\n\tat org.apache.maven.surefire.testng.TestNGExecutor.run(TestNGExecutor.java:308)\r\n\tat org.apache.maven.surefire.testng.TestNGXmlTestSuite.execute(TestNGXmlTestSuite.java:71)\r\n\tat org.apache.maven.surefire.testng.TestNGProvider.invoke(TestNGProvider.java:113)\r\n\tat org.apache.maven.surefire.booter.ForkedBooter.runSuitesInProcess(ForkedBooter.java:385)\r\n\tat org.apache.maven.surefire.booter.ForkedBooter.execute(ForkedBooter.java:162)\r\n\tat org.apache.maven.surefire.booter.ForkedBooter.run(ForkedBooter.java:507)\r\n\tat org.apache.maven.surefire.booter.ForkedBooter.main(ForkedBooter.java:495)\r\n","steps":[{"name":"Test test test","time":{"start":1721843222405,"stop":1721843222823,"duration":418},"status":"failed","statusMessage":"expected [Epic sadface: Username and password do not match any user in this service1] but found [Epic sadface: Username and password do not match any user in this service]","statusTrace":"java.lang.AssertionError: expected [Epic sadface: Username and password do not match any user in this service1] but found [Epic sadface: Username and password do not match any user in this service]\r\n\tat org.testng.Assert.fail(Assert.java:111)\r\n\tat org.testng.Assert.failNotEquals(Assert.java:1578)\r\n\tat org.testng.Assert.assertEqualsImpl(Assert.java:150)\r\n\tat org.testng.Assert.assertEquals(Assert.java:132)\r\n\tat org.testng.Assert.assertEquals(Assert.java:656)\r\n\tat org.testng.Assert.assertEquals(Assert.java:666)\r\n\tat pages.BasePage.assertEquals(BasePage.java:39)\r\n\tat pages.LoginPage.verifyLoginPassword(LoginPage.java:43)\r\n\tat tests.LoginTest.invalidLoginTest_InvalidUserValidPassword(LoginTest.java:44)\r\n\tat java.base/jdk.internal.reflect.NativeMethodAccessorImpl.invoke0(Native Method)\r\n\tat java.base/jdk.internal.reflect.NativeMethodAccessorImpl.invoke(NativeMethodAccessorImpl.java:77)\r\n\tat java.base/jdk.internal.reflect.DelegatingMethodAccessorImpl.invoke(DelegatingMethodAccessorImpl.java:43)\r\n\tat java.base/java.lang.reflect.Method.invoke(Method.java:568)\r\n\tat org.testng.internal.invokers.MethodInvocationHelper.invokeMethod(MethodInvocationHelper.java:141)\r\n\tat org.testng.internal.invokers.TestInvoker.invokeMethod(TestInvoker.java:686)\r\n\tat org.testng.internal.invokers.TestInvoker.retryFailed(TestInvoker.java:269)\r\n\tat org.testng.internal.invokers.MethodRunner.runInSequence(MethodRunner.java:76)\r\n\tat org.testng.internal.invokers.TestInvoker$MethodInvocationAgent.invoke(TestInvoker.java:992)\r\n\tat org.testng.internal.invokers.TestInvoker.invokeTestMethods(TestInvoker.java:203)\r\n\tat org.testng.internal.invokers.TestMethodWorker.invokeTestMethods(TestMethodWorker.java:154)\r\n\tat org.testng.internal.invokers.TestMethodWorker.run(TestMethodWorker.java:134)\r\n\tat java.base/java.util.ArrayList.forEach(ArrayList.java:1511)\r\n\tat org.testng.TestRunner.privateRun(TestRunner.java:739)\r\n\tat org.testng.TestRunner.run(TestRunner.java:614)\r\n\tat org.testng.SuiteRunner.runTest(SuiteRunner.java:421)\r\n\tat org.testng.SuiteRunner.runSequentially(SuiteRunner.java:413)\r\n\tat org.testng.SuiteRunner.privateRun(SuiteRunner.java:373)\r\n\tat org.testng.SuiteRunner.run(SuiteRunner.java:312)\r\n\tat org.testng.SuiteRunnerWorker.runSuite(SuiteRunnerWorker.java:52)\r\n\tat org.testng.SuiteRunnerWorker.run(SuiteRunnerWorker.java:95)\r\n\tat org.testng.TestNG.runSuitesSequentially(TestNG.java:1274)\r\n\tat org.testng.TestNG.runSuitesLocally(TestNG.java:1208)\r\n\tat org.testng.TestNG.runSuites(TestNG.java:1112)\r\n\tat org.testng.TestNG.run(TestNG.java:1079)\r\n\tat org.apache.maven.surefire.testng.TestNGExecutor.run(TestNGExecutor.java:308)\r\n\tat org.apache.maven.surefire.testng.TestNGXmlTestSuite.execute(TestNGXmlTestSuite.java:71)\r\n\tat org.apache.maven.surefire.testng.TestNGProvider.invoke(TestNGProvider.java:113)\r\n\tat org.apache.maven.surefire.booter.ForkedBooter.runSuitesInProcess(ForkedBooter.java:385)\r\n\tat org.apache.maven.surefire.booter.ForkedBooter.execute(ForkedBooter.java:162)\r\n\tat org.apache.maven.surefire.booter.ForkedBooter.run(ForkedBooter.java:507)\r\n\tat org.apache.maven.surefire.booter.ForkedBooter.main(ForkedBooter.java:495)\r\n","steps":[{"name":"Go to Login","time":{"start":1721843222405,"stop":1721843222445,"duration":40},"status":"passed","steps":[],"attachments":[],"parameters":[],"attachmentsCount":0,"shouldDisplayMessage":false,"hasContent":false,"attachmentStep":false,"stepsCount":0},{"name":"Login","time":{"start":1721843222445,"stop":1721843222777,"duration":332},"status":"passed","steps":[],"attachments":[],"parameters":[{"name":"username","value":"standard_user11"},{"name":"password","value":"secret_sauce"}],"attachmentsCount":0,"shouldDisplayMessage":false,"hasContent":true,"attachmentStep":false,"stepsCount":0},{"name":"Verify login Password","time":{"start":1721843222777,"stop":1721843222823,"duration":46},"status":"failed","statusMessage":"expected [Epic sadface: Username and password do not match any user in this service1] but found [Epic sadface: Username and password do not match any user in this service]","statusTrace":"java.lang.AssertionError: expected [Epic sadface: Username and password do not match any user in this service1] but found [Epic sadface: Username and password do not match any user in this service]\r\n\tat org.testng.Assert.fail(Assert.java:111)\r\n\tat org.testng.Assert.failNotEquals(Assert.java:1578)\r\n\tat org.testng.Assert.assertEqualsImpl(Assert.java:150)\r\n\tat org.testng.Assert.assertEquals(Assert.java:132)\r\n\tat org.testng.Assert.assertEquals(Assert.java:656)\r\n\tat org.testng.Assert.assertEquals(Assert.java:666)\r\n\tat pages.BasePage.assertEquals(BasePage.java:39)\r\n\tat pages.LoginPage.verifyLoginPassword(LoginPage.java:43)\r\n\tat tests.LoginTest.invalidLoginTest_InvalidUserValidPassword(LoginTest.java:44)\r\n\tat java.base/jdk.internal.reflect.NativeMethodAccessorImpl.invoke0(Native Method)\r\n\tat java.base/jdk.internal.reflect.NativeMethodAccessorImpl.invoke(NativeMethodAccessorImpl.java:77)\r\n\tat java.base/jdk.internal.reflect.DelegatingMethodAccessorImpl.invoke(DelegatingMethodAccessorImpl.java:43)\r\n\tat java.base/java.lang.reflect.Method.invoke(Method.java:568)\r\n\tat org.testng.internal.invokers.MethodInvocationHelper.invokeMethod(MethodInvocationHelper.java:141)\r\n\tat org.testng.internal.invokers.TestInvoker.invokeMethod(TestInvoker.java:686)\r\n\tat org.testng.internal.invokers.TestInvoker.retryFailed(TestInvoker.java:269)\r\n\tat org.testng.internal.invokers.MethodRunner.runInSequence(MethodRunner.java:76)\r\n\tat org.testng.internal.invokers.TestInvoker$MethodInvocationAgent.invoke(TestInvoker.java:992)\r\n\tat org.testng.internal.invokers.TestInvoker.invokeTestMethods(TestInvoker.java:203)\r\n\tat org.testng.internal.invokers.TestMethodWorker.invokeTestMethods(TestMethodWorker.java:154)\r\n\tat org.testng.internal.invokers.TestMethodWorker.run(TestMethodWorker.java:134)\r\n\tat java.base/java.util.ArrayList.forEach(ArrayList.java:1511)\r\n\tat org.testng.TestRunner.privateRun(TestRunner.java:739)\r\n\tat org.testng.TestRunner.run(TestRunner.java:614)\r\n\tat org.testng.SuiteRunner.runTest(SuiteRunner.java:421)\r\n\tat org.testng.SuiteRunner.runSequentially(SuiteRunner.java:413)\r\n\tat org.testng.SuiteRunner.privateRun(SuiteRunner.java:373)\r\n\tat org.testng.SuiteRunner.run(SuiteRunner.java:312)\r\n\tat org.testng.SuiteRunnerWorker.runSuite(SuiteRunnerWorker.java:52)\r\n\tat org.testng.SuiteRunnerWorker.run(SuiteRunnerWorker.java:95)\r\n\tat org.testng.TestNG.runSuitesSequentially(TestNG.java:1274)\r\n\tat org.testng.TestNG.runSuitesLocally(TestNG.java:1208)\r\n\tat org.testng.TestNG.runSuites(TestNG.java:1112)\r\n\tat org.testng.TestNG.run(TestNG.java:1079)\r\n\tat org.apache.maven.surefire.testng.TestNGExecutor.run(TestNGExecutor.java:308)\r\n\tat org.apache.maven.surefire.testng.TestNGXmlTestSuite.execute(TestNGXmlTestSuite.java:71)\r\n\tat org.apache.maven.surefire.testng.TestNGProvider.invoke(TestNGProvider.java:113)\r\n\tat org.apache.maven.surefire.booter.ForkedBooter.runSuitesInProcess(ForkedBooter.java:385)\r\n\tat org.apache.maven.surefire.booter.ForkedBooter.execute(ForkedBooter.java:162)\r\n\tat org.apache.maven.surefire.booter.ForkedBooter.run(ForkedBooter.java:507)\r\n\tat org.apache.maven.surefire.booter.ForkedBooter.main(ForkedBooter.java:495)\r\n","steps":[],"attachments":[],"parameters":[{"name":"expectedmessage","value":"Epic sadface: Username and password do not match any user in this service1"}],"attachmentsCount":0,"shouldDisplayMessage":true,"hasContent":true,"attachmentStep":false,"stepsCount":0}],"attachments":[],"parameters":[],"attachmentsCount":0,"shouldDisplayMessage":false,"hasContent":true,"attachmentStep":false,"stepsCount":3}],"attachments":[],"parameters":[],"attachmentsCount":0,"shouldDisplayMessage":false,"hasContent":true,"attachmentStep":false,"stepsCount":4},"afterStages":[{"name":"tearDown","time":{"start":1721843224803,"stop":1721843225072,"duration":269},"description":"","status":"passed","steps":[],"attachments":[],"parameters":[],"attachmentsCount":0,"shouldDisplayMessage":false,"hasContent":false,"attachmentStep":false,"stepsCount":0}],"labels":[{"name":"package","value":"tests.LoginTest"},{"name":"testClass","value":"tests.LoginTest"},{"name":"testMethod","value":"invalidLoginTest_InvalidUserValidPassword"},{"name":"parentSuite","value":"Test Suite"},{"name":"suite","value":"Practical Test"},{"name":"subSuite","value":"tests.LoginTest"},{"name":"host","value":"DESKTOP-N6C0IFL"},{"name":"thread","value":"28288@DESKTOP-N6C0IFL.main(1)"},{"name":"framework","value":"testng"},{"name":"language","value":"java"},{"name":"feature","value":"Login Tests"},{"name":"epic","value":"Regression Tests"},{"name":"severity","value":"normal"},{"name":"resultFormat","value":"allure2"}],"parameters":[],"links":[],"hidden":false,"retry":false,"extra":{"severity":"normal","retries":[{"uid":"65d5af6310348794","status":"skipped","statusDetails":"expected [Epic sadface: Username and password do not match any user in this service1] but found [Epic sadface: Username and password do not match any user in this service]","time":{"start":1721843221929,"stop":1721843222405,"duration":476}},{"uid":"bf426ee126987a91","status":"skipped","statusDetails":"expected [Epic sadface: Username and password do not match any user in this service1] but found [Epic sadface: Username and password do not match any user in this service]","time":{"start":1721843221422,"stop":1721843221916,"duration":494}},{"uid":"2ca4d592ef93e9","status":"skipped","statusDetails":"expected [Epic sadface: Username and password do not match any user in this service1] but found [Epic sadface: Username and password do not match any user in this service]","time":{"start":1721843205158,"stop":1721843221208,"duration":16050}},{"uid":"5b08e53ee5cdd335","status":"failed","statusDetails":"expected [Epic sadface: Username and password do not match any user in this service1] but found [Epic sadface: Username and password do not match any user in this service]","time":{"start":1721843039666,"stop":1721843040092,"duration":426}},{"uid":"d46cf3007ec3f1c6","status":"skipped","statusDetails":"expected [Epic sadface: Username and password do not match any user in this service1] but found [Epic sadface: Username and password do not match any user in this service]","time":{"start":1721843039193,"stop":1721843039654,"duration":461}},{"uid":"721a1b3000c17512","status":"skipped","statusDetails":"expected [Epic sadface: Username and password do not match any user in this service1] but found [Epic sadface: Username and password do not match any user in this service]","time":{"start":1721843038341,"stop":1721843039179,"duration":838}},{"uid":"ac9d4aee0afcde71","status":"skipped","statusDetails":"expected [Epic sadface: Username and password do not match any user in this service1] but found [Epic sadface: Username and password do not match any user in this service]","time":{"start":1721843035323,"stop":1721843038190,"duration":2867}},{"uid":"3c61f38775efc8ee","status":"failed","statusDetails":"expected [Epic sadface: Username and password do not match any user in this service1] but found [Epic sadface: Username and password do not match any user in this service]","time":{"start":1721842515767,"stop":1721842516202,"duration":435}},{"uid":"7145ea7ace371cb8","status":"skipped","statusDetails":"expected [Epic sadface: Username and password do not match any user in this service1] but found [Epic sadface: Username and password do not match any user in this service]","time":{"start":1721842515341,"stop":1721842515753,"duration":412}},{"uid":"d507ef8b6dc1882b","status":"skipped","statusDetails":"expected [Epic sadface: Username and password do not match any user in this service1] but found [Epic sadface: Username and password do not match any user in this service]","time":{"start":1721842514880,"stop":1721842515319,"duration":439}},{"uid":"5fcf3ab150ca9b7","status":"skipped","statusDetails":"expected [Epic sadface: Username and password do not match any user in this service1] but found [Epic sadface: Username and password do not match any user in this service]","time":{"start":1721842513368,"stop":1721842514710,"duration":1342}}],"categories":[{"name":"Product defects","matchedStatuses":[],"flaky":false}],"tags":[]},"source":"e540169feb6a99ac.json","parameterValues":[]}